SF:lib\crud\get_user\bloc\get_user_event.dart
DA:4,0
DA:12,0
DA:13,0
LF:3
LH:0
end_of_record
SF:lib\crud\get_user\bloc\get_user_state.dart
DA:5,1
DA:11,0
DA:13,0
DA:18,0
DA:21,0
DA:22,0
DA:28,0
DA:29,0
LF:8
LH:1
end_of_record
SF:lib\crud\get_user\bloc\get_user_bloc.dart
DA:11,0
DA:12,0
DA:18,0
DA:19,0
DA:21,0
DA:22,0
DA:24,0
LF:7
LH:0
end_of_record
SF:lib\crud\add_new_user\bloc\add_new_user_bloc.dart
DA:10,0
DA:12,0
DA:13,0
DA:15,0
DA:16,0
LF:5
LH:0
end_of_record
SF:lib\crud\add_new_user\bloc\add_new_user_event.dart
DA:4,0
DA:8,0
DA:13,0
DA:14,0
LF:4
LH:0
end_of_record
SF:lib\crud\add_new_user\bloc\add_new_user_state.dart
DA:4,0
DA:8,0
DA:9,0
DA:13,0
DA:14,0
DA:18,0
DA:21,0
DA:22,0
LF:8
LH:0
end_of_record
SF:lib\crud\update_user\bloc\update_user_bloc.dart
DA:11,0
DA:13,0
DA:14,0
DA:16,0
DA:17,0
LF:5
LH:0
end_of_record
SF:lib\crud\update_user\bloc\update_user_state.dart
DA:4,0
DA:8,0
DA:9,0
DA:13,0
DA:14,0
DA:18,0
DA:21,0
DA:22,0
LF:8
LH:0
end_of_record
SF:lib\crud\update_user\bloc\update_user_event.dart
DA:4,0
DA:8,0
DA:14,0
DA:15,0
LF:4
LH:0
end_of_record
SF:lib\crud\delete_user\bloc\delete_user_state.dart
DA:4,0
DA:8,0
DA:9,0
DA:13,0
DA:14,0
DA:18,0
DA:19,0
LF:7
LH:0
end_of_record
SF:lib\crud\delete_user\bloc\delete_user_bloc.dart
DA:10,0
DA:12,0
DA:13,0
DA:15,0
DA:16,0
LF:5
LH:0
end_of_record
SF:lib\crud\delete_user\bloc\delete_user_event.dart
DA:4,0
DA:8,0
DA:12,0
DA:13,0
LF:4
LH:0
end_of_record
SF:lib\app\crud_repository\dioclient.dart
DA:10,0
DA:12,0
DA:14,0
DA:15,0
DA:30,0
DA:38,0
DA:45,0
DA:46,0
DA:56,0
DA:66,0
DA:75,0
DA:76,0
DA:86,0
DA:96,0
DA:105,0
DA:106,0
DA:117,0
DA:127,0
DA:135,0
DA:136,0
LF:20
LH:0
end_of_record
SF:lib\app\crud_repository\crud_service.dart
DA:6,0
DA:8,0
DA:10,0
DA:15,0
DA:16,0
DA:17,0
DA:18,0
DA:21,0
DA:23,0
DA:24,0
DA:26,0
DA:27,0
DA:28,0
DA:31,0
DA:33,0
DA:34,0
DA:35,0
DA:41,0
DA:42,0
DA:43,0
DA:44,0
DA:47,0
DA:49,0
DA:50,0
DA:51,0
DA:52,0
LF:26
LH:0
end_of_record
SF:lib\app\crud_repository\dioexceptions.dart
DA:7,0
DA:8,0
DA:9,0
DA:10,0
DA:12,0
DA:13,0
DA:15,0
DA:16,0
DA:18,0
DA:19,0
DA:21,0
DA:22,0
DA:24,0
DA:25,0
DA:26,0
DA:29,0
DA:32,0
DA:36,0
DA:38,0
DA:40,0
DA:42,0
DA:44,0
DA:46,0
DA:53,0
DA:54,0
LF:25
LH:0
end_of_record
SF:lib\app\crud_repository\models\new_user.dart
DA:12,2
DA:14,0
DA:15,0
DA:16,0
DA:17,0
DA:18,0
DA:19,0
DA:20,0
DA:24,0
DA:25,0
DA:26,0
DA:27,0
DA:28,0
DA:29,0
DA:30,0
DA:34,0
DA:35,0
LF:17
LH:1
end_of_record
SF:lib\app\crud_repository\models\user.dart
DA:11,1
DA:13,0
DA:14,0
DA:15,0
DA:16,0
DA:17,0
DA:18,0
DA:19,0
DA:24,0
DA:25,0
DA:26,0
DA:27,0
DA:28,0
DA:29,0
DA:30,0
DA:34,0
DA:35,0
LF:17
LH:1
end_of_record
SF:lib\crud\add_new_user\view\new_user.dart
DA:6,1
DA:9,0
DA:11,0
DA:12,0
DA:14,0
DA:15,0
DA:17,0
DA:18,0
DA:19,0
DA:20,0
DA:27,0
DA:34,0
DA:41,0
DA:42,0
DA:45,0
DA:46,0
DA:47,0
DA:48,0
DA:50,0
DA:51,0
DA:54,0
DA:69,0
DA:77,0
DA:79,0
DA:80,0
DA:82,0
DA:83,0
DA:84,0
DA:85,0
DA:87,0
DA:89,0
DA:91,0
DA:94,0
DA:95,0
DA:96,0
DA:97,0
DA:98,0
DA:99,0
DA:106,0
DA:107,0
LF:40
LH:1
end_of_record
SF:lib\crud\add_new_user\view\new_user_view.dart
DA:5,1
DA:8,0
DA:10,0
DA:11,0
LF:4
LH:1
end_of_record
SF:lib\crud\delete_user\view\delete_user_view.dart
DA:7,1
DA:9,0
DA:11,0
DA:12,0
DA:13,0
DA:14,0
DA:15,0
DA:16,0
DA:18,0
DA:19,0
DA:20,0
DA:21,0
DA:28,0
DA:37,0
DA:38,0
DA:41,0
DA:42,0
DA:48,0
DA:49,0
LF:19
LH:1
end_of_record
SF:lib\crud\get_user\view\home.dart
DA:7,2
DA:9,0
DA:11,0
DA:13,0
DA:22,2
DA:26,1
DA:29,1
DA:31,0
DA:33,0
DA:34,0
DA:35,0
DA:36,0
DA:37,0
DA:38,0
DA:39,0
DA:40,0
DA:45,0
LF:17
LH:4
end_of_record
SF:lib\crud\get_user\view\side_drawer.dart
DA:5,1
DA:11,0
DA:13,0
DA:15,0
DA:17,0
DA:18,0
DA:19,0
DA:23,0
DA:24,0
DA:27,0
DA:31,0
DA:32,0
DA:36,0
DA:40,0
DA:41,0
DA:44,0
DA:48,0
DA:49,0
LF:18
LH:1
end_of_record
SF:lib\crud\update_user\view\update_user.dart
DA:6,1
DA:8,0
DA:10,0
DA:11,0
DA:12,0
DA:14,0
DA:15,0
DA:17,0
DA:18,0
DA:19,0
DA:20,0
DA:27,0
DA:34,0
DA:41,0
DA:48,0
DA:49,0
DA:52,0
DA:53,0
DA:54,0
DA:55,0
DA:57,0
DA:58,0
DA:61,0
DA:76,0
DA:84,0
DA:86,0
DA:87,0
DA:89,0
DA:90,0
DA:91,0
DA:92,0
DA:94,0
DA:96,0
DA:98,0
DA:101,0
DA:102,0
DA:103,0
DA:104,0
DA:105,0
DA:106,0
DA:113,0
DA:114,0
LF:42
LH:1
end_of_record
SF:lib\crud\update_user\view\update_user_view.dart
DA:5,1
DA:8,0
DA:10,0
DA:11,0
LF:4
LH:1
end_of_record
